info CPU
Architecture:        x86_64
CPU op-mode(s):      32-bit, 64-bit
Byte Order:          Little Endian
CPU(s):              40
On-line CPU(s) list: 0-39
Thread(s) per core:  2
Core(s) per socket:  10
Socket(s):           2
NUMA node(s):        2
Vendor ID:           GenuineIntel
CPU family:          6
Model:               85
Model name:          Intel(R) Xeon(R) Silver 4114 CPU @ 2.20GHz
Stepping:            4
CPU MHz:             2201.000
CPU max MHz:         2201.0000
CPU min MHz:         800.0000
BogoMIPS:            4400.00
Virtualization:      VT-x
L1d cache:           32K
L1i cache:           32K
L2 cache:            1024K
L3 cache:            14080K
NUMA node0 CPU(s):   0-9,20-29
NUMA node1 CPU(s):   10-19,30-39
Flags:               fpu vme de pse tsc msr pae mce cx8 apic sep mtrr pge mca cmov pat pse36 clflush dts acpi mmx fxsr sse sse2 ss ht tm pbe syscall nx pdpe1gb rdtscp lm constant_tsc art arch_perfmon pebs bts rep_good nopl xtopology nonstop_tsc cpuid aperfmperf pni pclmulqdq dtes64 monitor ds_cpl vmx smx est tm2 ssse3 sdbg fma cx16 xtpr pdcm pcid dca sse4_1 sse4_2 x2apic movbe popcnt tsc_deadline_timer aes xsave avx f16c rdrand lahf_lm abm 3dnowprefetch cpuid_fault epb cat_l3 cdp_l3 invpcid_single pti ssbd mba ibrs ibpb stibp tpr_shadow vnmi flexpriority ept vpid ept_ad fsgsbase tsc_adjust bmi1 hle avx2 smep bmi2 erms invpcid rtm cqm mpx rdt_a avx512f avx512dq rdseed adx smap clflushopt clwb intel_pt avx512cd avx512bw avx512vl xsaveopt xsavec xgetbv1 xsaves cqm_llc cqm_occup_llc cqm_mbm_total cqm_mbm_local dtherm ida arat pln pts hwp hwp_act_window hwp_epp hwp_pkg_req pku ospke flush_l1d
*** OPENMP ***
Jacobi relaxation calculation: 2000 x 2000 grid

Kernel executed in 114.914352 seconds with 3001 iterations with 1 threads
Jacobi relaxation calculation: 2000 x 2000 grid

Kernel executed in 69.701420 seconds with 3001 iterations with 2 threads
Jacobi relaxation calculation: 2000 x 2000 grid

Kernel executed in 34.345894 seconds with 3001 iterations with 4 threads
Jacobi relaxation calculation: 2000 x 2000 grid

Kernel executed in 21.601883 seconds with 3001 iterations with 8 threads
Jacobi relaxation calculation: 2000 x 2000 grid

Kernel executed in 18.802038 seconds with 3001 iterations with 16 threads
Jacobi relaxation calculation: 2000 x 2000 grid

Kernel executed in 19.276595 seconds with 3001 iterations with 24 threads
Jacobi relaxation calculation: 2000 x 2000 grid

Kernel executed in 18.910267 seconds with 3001 iterations with 32 threads
Jacobi relaxation calculation: 2000 x 2000 grid

Kernel executed in 16.910749 seconds with 3001 iterations with 36 threads
Jacobi relaxation calculation: 2000 x 2000 grid

Kernel executed in 20.345004 seconds with 3001 iterations with 40 threads
